<?xml version="1.0" encoding="UTF-8"?>
<testsuites name="Mocha Tests" time="43.1380" tests="4" failures="1">
  <testsuite name="Root Suite" timestamp="2022-09-23T23:42:58" tests="0" file="cypress/e2e/Testcases/Mostly.cy.js" time="0.0000" failures="0">
  </testsuite>
  <testsuite name="Mostly.AI Website Automation Test" timestamp="2022-09-23T23:42:58" tests="1" time="20.0340" failures="0">
    <testcase name="Mostly.AI Website Automation Test Visit Mostly.AI Website with URL" time="20.0340" classname="Visit Mostly.AI Website with URL">
    </testcase>
  </testsuite>
  <testsuite name="Verify bookmarks" timestamp="2022-09-23T23:43:21" tests="1" time="10.9180" failures="0">
    <testcase name="Verify bookmarks Verify bookmarks" time="10.9180" classname="Verify bookmarks">
    </testcase>
  </testsuite>
  <testsuite name="Search for a wrongly-spellled word" timestamp="2022-09-23T23:43:32" tests="1" time="12.1860" failures="0">
    <testcase name="Search for a wrongly-spellled word Verify search" time="12.1860" classname="Verify search">
    </testcase>
  </testsuite>
  <testsuite name="Contact Form" timestamp="2022-09-23T23:43:45" tests="1" time="0.0000" failures="1">
    <testcase name="Contact Form Fill contact form" time="0.0000" classname="Fill contact form">
      <failure message="Timed out retrying after 4000ms: Expected to find element: `#CookieBoxSaveButton`, but never found it." type="AssertionError"><![CDATA[AssertionError: Timed out retrying after 4000ms: Expected to find element: `#CookieBoxSaveButton`, but never found it.
    at Context.eval (webpack:///./cypress/e2e/Testcases/Mostly.cy.js:80:13)]]></failure>
    </testcase>
  </testsuite>
</testsuites>